<?xml version="1.0" encoding="UTF-8"?>
<testsuite xmlns:xsi="http://www.w3.org/2001/XMLSchema-instance" xsi:noNamespaceSchemaLocation="https://maven.apache.org/surefire/maven-surefire-plugin/xsd/surefire-test-report.xsd" name="com.tp.testing.calculatorTest" time="1.18" tests="10" errors="0" skipped="0" failures="0">
  <properties>
[...]
</properties>
  <testcase name="testAddTwoPositiveNumbers" classname="com.tp.testing.calculatorTest" time="0.607"/>
  <testcase name="add_shouldReturnTheSum_ofMultipleIntegers{int, int, int}[1]" classname="com.tp.testing.calculatorTest" time="0.115"/>
  <testcase name="add_shouldReturnTheSum_ofMultipleIntegers{int, int, int}[2]" classname="com.tp.testing.calculatorTest" time="0.013"/>
  <testcase name="add_shouldReturnTheSum_ofMultipleIntegers{int, int, int}[3]" classname="com.tp.testing.calculatorTest" time="0.001"/>
  <testcase name="multiply_shouldReturnTheProduct_ofTwoIntegers" classname="com.tp.testing.calculatorTest" time="0.013"/>
  <testcase name="multiply_shouldReturnZero_ofZeroWithMultipleIntegers{int}[1]" classname="com.tp.testing.calculatorTest" time="0.011"/>
  <testcase name="multiply_shouldReturnZero_ofZeroWithMultipleIntegers{int}[2]" classname="com.tp.testing.calculatorTest" time="0.005"/>
  <testcase name="multiply_shouldReturnZero_ofZeroWithMultipleIntegers{int}[3]" classname="com.tp.testing.calculatorTest" time="0.002"/>
  <testcase name="multiply_shouldReturnZero_ofZeroWithMultipleIntegers{int}[4]" classname="com.tp.testing.calculatorTest" time="0.007"/>
  <testcase name="multiply_shouldReturnZero_ofZeroWithMultipleIntegers{int}[5]" classname="com.tp.testing.calculatorTest" time="0.011"/>
</testsuite>